app/build/outputs/mapping/release/seeds.txt
io.ohtaeyang95.onesignaltest.Application
io.ohtaeyang95.onesignaltest.Application: Application()
io.ohtaeyang95.onesignaltest.LauncherActivity: LauncherActivity()
io.ohtaeyang95.onesignaltest.LauncherActivity
...
androidx.browser.R$dimen: int compat_control_corner_material
androidx.core.app.RemoteActionCompat: RemoteActionCompat()
com.google.androidbrowserhelper.R$string: int update_chrome_toast
androidx.browser.R$dimen: int notification_big_circle_margin
androidx.browser.R$dimen: int notification_top_pad
androidx.browser.R$dimen: int compat_notification_large_icon_max_width
com.google.androidbrowserhelper.R$drawable: int ic_site_settings
androidx.browser.R$dimen: int compat_notification_large_icon_max_height
android.support.v4.app.RemoteActionCompatParcelizer
androidx.browser.R$dimen: int notification_subtext_size
androidx.browser.R$dimen: int notification_media_narrow_margin
androidx.versionedparcelable.ParcelImpl: android.os.Parcelable$Creator CREATOR
com.google.androidbrowserhelper.R$drawable: int notification_bg_normal_pressed
com.google.androidbrowserhelper.R$drawable: int notification_tile_bg
android.support.v4.app.RemoteActionCompatParcelizer: void write(androidx.core.app.RemoteActionCompat,androidx.versionedparcelable.VersionedParcel)
androidx.annotation.Keep
com.google.androidbrowserhelper.R$string: int fallback_menu_item_copy_link
androidx.browser.R$dimen: int browser_actions_context_menu_max_width
androidx.core.graphics.drawable.IconCompatParcelizer: androidx.core.graphics.drawable.IconCompat read(androidx.versionedparcelable.VersionedParcel)
com.google.androidbrowserhelper.R$drawable: int notification_bg_normal
androidx.versionedparcelable.CustomVersionedParcelable
androidx.core.app.RemoteActionCompatParcelizer: void write(androidx.core.app.RemoteActionCompat,androidx.versionedparcelable.VersionedParcel)
androidx.core.graphics.drawable.IconCompat: IconCompat()
com.google.androidbrowserhelper.trusted.WebViewFallbackActivity: WebViewFallbackActivity()
android.support.v4.graphics.drawable.IconCompatParcelizer: androidx.core.graphics.drawable.IconCompat read(androidx.versionedparcelable.VersionedParcel)
com.google.androidbrowserhelper.trusted.DelegationService: DelegationService()
com.google.androidbrowserhelper.trusted.FocusActivity
androidx.lifecycle.FullLifecycleObserverAdapter
com.google.androidbrowserhelper.trusted.ManageDataLauncherActivity
androidx.core.app.RemoteActionCompatParcelizer
com.google.androidbrowserhelper.trusted.FocusActivity: FocusActivity()
androidx.browser.R$dimen: int notification_content_margin_start
androidx.core.app.RemoteActionCompat
androidx.browser.R$dimen: int notification_large_icon_height
androidx.browser.R$dimen: int notification_action_text_size
com.google.androidbrowserhelper.R$string: int manage_space_not_supported_toast
androidx.core.app.RemoteActionCompatParcelizer: RemoteActionCompatParcelizer()
com.google.androidbrowserhelper.R$drawable: int notification_bg_low_normal
com.google.androidbrowserhelper.R$string: int no_provider_toast
androidx.core.content.FileProvider: FileProvider()
androidx.core.graphics.drawable.IconCompatParcelizer: IconCompatParcelizer()
androidx.browser.R$dimen: int notification_action_icon_size
androidx.browser.trusted.TrustedWebActivityService: TrustedWebActivityService()
com.google.androidbrowserhelper.R$string: int fallback_menu_item_open_in_browser
androidx.browser.R$dimen: int compat_button_padding_vertical_material
androidx.browser.R$dimen: int notification_right_icon_size
com.google.androidbrowserhelper.R$drawable: int notification_bg
android.support.v4.graphics.drawable.IconCompatParcelizer
androidx.browser.R$dimen: int notification_top_pad_large_text
androidx.versionedparcelable.ParcelImpl
android.support.v4.app.RemoteActionCompatParcelizer: androidx.core.app.RemoteActionCompat read(androidx.versionedparcelable.VersionedParcel)
androidx.browser.R$dimen: int compat_button_inset_horizontal_material
com.google.androidbrowserhelper.R$string: int app_name
androidx.core.app.RemoteActionCompatParcelizer: androidx.core.app.RemoteActionCompat read(androidx.versionedparcelable.VersionedParcel)
androidx.core.graphics.drawable.IconCompatParcelizer