app/build/outputs/mapping/release/mapping.txt
# compiler: R8
# compiler_version: 2.0.88
# min_api: 19
# pg_map_id: 2bb7eb0
# common_typos_disable
io.ohtaeyang95.onesignaltest.LauncherActivity -> io.ohtaeyang95.onesignaltest.LauncherActivity:
    android.net.Uri getLaunchingUrl() -> d
...
androidx.browser.trusted.TrustedWebActivityService$1 -> b.a.c.k$a:
    androidx.browser.trusted.TrustedWebActivityService this$0 -> a
    android.os.Bundle areNotificationsEnabled(android.os.Bundle) -> a
    android.os.Bundle getActiveNotifications() -> d
    int getSmallIconId() -> g
    void cancelNotification(android.os.Bundle) -> h
    android.os.Bundle notifyNotificationWithChannel(android.os.Bundle) -> m
    android.os.Bundle getSmallIconBitmap() -> o
    void checkCaller() -> r
androidx.browser.trusted.TrustedWebActivityServiceConnection -> b.a.c.l:
    void ensureBundleContains(android.os.Bundle,java.lang.String) -> a
androidx.browser.trusted.TrustedWebActivityServiceConnection$ActiveNotificationsArgs -> b.a.c.l$a:
    android.os.Parcelable[] notifications -> a
    android.os.Bundle toBundle() -> a
androidx.browser.trusted.TrustedWebActivityServiceConnection$CancelNotificationArgs -> b.a.c.l$b:
    java.lang.String platformTag -> a
    int platformId -> b
    androidx.browser.trusted.TrustedWebActivityServiceConnection$CancelNotificationArgs fromBundle(android.os.Bundle) -> a
androidx.browser.trusted.TrustedWebActivityServiceConnection$NotificationsEnabledArgs -> b.a.c.l$c:
    java.lang.String channelName -> a
    androidx.browser.trusted.TrustedWebActivityServiceConnection$NotificationsEnabledArgs fromBundle(android.os.Bundle) -> a
androidx.browser.trusted.TrustedWebActivityServiceConnection$NotifyNotificationArgs -> b.a.c.l$d:
    java.lang.String platformTag -> a
    android.app.Notification notification -> c
    int platformId -> b
    java.lang.String channelName -> d
    androidx.browser.trusted.TrustedWebActivityServiceConnection$NotifyNotificationArgs fromBundle(android.os.Bundle) -> a
androidx.browser.trusted.TrustedWebActivityServiceConnection$ResultArgs -> b.a.c.l$e:
    boolean success -> a
    android.os.Bundle toBundle() -> a
androidx.browser.trusted.sharing.ShareData -> b.a.c.m.a:
androidx.browser.trusted.sharing.ShareTarget -> b.a.c.m.b:
    android.os.Bundle toBundle() -> a
androidx.collection.ArrayMap -> b.b.a:
    androidx.collection.MapCollections mCollections -> h
    androidx.collection.MapCollections getCollection() -> m
androidx.collection.ArrayMap$1 -> b.b.a$a:
    androidx.collection.ArrayMap this$0 -> d
    void colClear() -> a
    java.lang.Object colGetEntry(int,int) -> b
    java.util.Map colGetMap() -> c
    int colGetSize() -> d
    int colIndexOfKey(java.lang.Object) -> e
    int colIndexOfValue(java.lang.Object) -> f
    void colPut(java.lang.Object,java.lang.Object) -> g
    void colRemoveAt(int) -> h
    java.lang.Object colSetValue(int,java.lang.Object) -> i
androidx.collection.ContainerHelpers -> b.b.b:
    java.lang.Object[] EMPTY_OBJECTS -> b
    int[] EMPTY_INTS -> a
    int binarySearch(int[],int,int) -> a
    boolean equal(java.lang.Object,java.lang.Object) -> b
androidx.collection.MapCollections -> b.b.c:
    androidx.collection.MapCollections$KeySet mKeySet -> b
    androidx.collection.MapCollections$ValuesCollection mValues -> c
    androidx.collection.MapCollections$EntrySet mEntrySet -> a
    void colClear() -> a
    java.lang.Object colGetEntry(int,int) -> b
    java.util.Map colGetMap() -> c
    int colGetSize() -> d
    int colIndexOfKey(java.lang.Object) -> e
    int colIndexOfValue(java.lang.Object) -> f
    void colPut(java.lang.Object,java.lang.Object) -> g
    void colRemoveAt(int) -> h
    java.lang.Object colSetValue(int,java.lang.Object) -> i
    boolean containsAllHelper(java.util.Map,java.util.Collection) -> j
    boolean equalsSetHelper(java.util.Set,java.lang.Object) -> k
    java.util.Set getEntrySet() -> l
    java.util.Set getKeySet() -> m
    java.util.Collection getValues() -> n
    boolean removeAllHelper(java.util.Map,java.util.Collection) -> o
    boolean retainAllHelper(java.util.Map,java.util.Collection) -> p
    java.lang.Object[] toArrayHelper(int) -> q
    java.lang.Object[] toArrayHelper(java.lang.Object[],int) -> r