app/build/outputs/mapping/release/usage.txt
io.ohtaeyang95.onesignaltest.R$string
io.ohtaeyang95.onesignaltest.R$style
io.ohtaeyang95.onesignaltest.R$layout
io.ohtaeyang95.onesignaltest.R$color
io.ohtaeyang95.onesignaltest.R$styleable
io.ohtaeyang95.onesignaltest.R$mipmap
io.ohtaeyang95.onesignaltest.R$id
io.ohtaeyang95.onesignaltest.R$attr
io.ohtaeyang95.onesignaltest.R$integer
io.ohtaeyang95.onesignaltest.BuildConfig
io.ohtaeyang95.onesignaltest.R$dimen
io.ohtaeyang95.onesignaltest.R$xml
io.ohtaeyang95.onesignaltest.R$raw
io.ohtaeyang95.onesignaltest.R$bool
io.ohtaeyang95.onesignaltest.R$drawable
io.ohtaeyang95.onesignaltest.R
...
androidx.core.graphics.drawable.WrappedDrawable
androidx.core.graphics.drawable.RoundedBitmapDrawable21
androidx.core.content.pm.PackageInfoCompat
androidx.lifecycle.ClassesInfoCache
com.google.androidbrowserhelper.trusted.SharedPreferencesTokenStore:
    public void setVerifiedProvider(java.lang.String,android.content.pm.PackageManager)
    private static final java.lang.String SHARED_PREFERENCES_NAME
    private static final java.lang.String KEY_TOKEN
androidx.annotation.CheckResult
androidx.browser.customtabs.PostMessageService
androidx.core.os.ParcelableCompat
androidx.core.graphics.drawable.WrappedDrawableApi21:
    private static final java.lang.String TAG
androidx.core.app.ActivityManagerCompat
androidx.annotation.RequiresPermission$Read
androidx.browser.customtabs.CustomTabsSession:
    public static androidx.browser.customtabs.CustomTabsSession createMockSessionForTesting(android.content.ComponentName)
    public boolean mayLaunchUrl(android.net.Uri,android.os.Bundle,java.util.List)
    public boolean setActionButton(android.graphics.Bitmap,java.lang.String)
    public boolean setSecondaryToolbarViews(android.widget.RemoteViews,int[],android.app.PendingIntent)
    public boolean setToolbarItem(int,android.graphics.Bitmap,java.lang.String)
    public boolean requestPostMessageChannel(android.net.Uri)
    public int postMessage(java.lang.String,android.os.Bundle)
    private static final java.lang.String TAG
androidx.core.app.NotificationCompat$Action
androidx.versionedparcelable.CustomVersionedParcelable:
    public void onPreParceling(boolean)
    public void onPostParceling()
androidx.core.text.util.FindAddress
androidx.browser.R$layout
androidx.core.graphics.TypefaceCompatBaseImpl$1
androidx.core.view.OneShotPreDrawListener
androidx.browser.trusted.splashscreens.SplashScreenVersion
androidx.core.os.BuildCompat
androidx.browser.trusted.TrustedWebActivityServiceConnectionPool
androidx.annotation.Size
androidx.browser.browseractions.BrowserServiceFileProvider
androidx.core.text.TextDirectionHeuristicsCompat$TextDirectionHeuristicLocale
androidx.core.view.MarginLayoutParamsCompat
androidx.core.view.ActionProvider$VisibilityListener
androidx.core.app.ActivityCompat$OnRequestPermissionsResultCallback
androidx.arch.core.internal.SafeIterableMap
androidx.browser.browseractions.BrowserActionsFallbackMenuAdapter$2
androidx.core.content.res.ConfigurationHelper
androidx.core.widget.NestedScrollView$OnScrollChangeListener
androidx.browser.customtabs.CustomTabsService
androidx.core.text.PrecomputedTextCompat$PrecomputedTextFutureTask
androidx.annotation.ContentView
androidx.collection.ContainerHelpers:
    public static int idealIntArraySize(int)
    public static int idealLongArraySize(int)
    public static int idealByteArraySize(int)
    static int binarySearch(long[],int,long)
    private void <init>()
androidx.core.view.accessibility.AccessibilityViewCommand$ScrollToPositionArguments
androidx.core.view.accessibility.AccessibilityViewCommand$MoveHtmlArguments
androidx.arch.core.internal.SafeIterableMap$DescendingIterator
androidx.core.content.res.FontResourcesParserCompat$ProviderResourceEntry
androidx.core.provider.FontsContractCompat$4$2
androidx.core.app.TaskStackBuilder$SupportParentable
androidx.core.app.NotificationCompat$CarExtender$UnreadConversation
androidx.core.hardware.fingerprint.FingerprintManagerCompat$CryptoObject
androidx.core.R$styleable
androidx.concurrent.futures.CallbackToFutureAdapter
androidx.browser.trusted.NotificationApiHelperForO:
    private void <init>()
androidx.core.view.ViewCompat$ScrollAxis
androidx.annotation.HalfFloat
androidx.annotation.IntRange
androidx.core.view.ViewCompat$FocusRelativeDirection
androidx.browser.customtabs.CustomTabColorSchemeParams$Builder:
    public androidx.browser.customtabs.CustomTabColorSchemeParams$Builder setSecondaryToolbarColor(int)
androidx.browser.customtabs.CustomTabsSessionToken